0 info it worked if it ends with ok
1 verbose cli [
1 verbose cli   'C:\\Program Files\\nodejs\\node.exe',
1 verbose cli   'C:\\Users\\Eneas\\node_modules\\npm\\bin\\npm-cli.js',
1 verbose cli   'run',
1 verbose cli   'dev-api:teamsfx'
1 verbose cli ]
2 info using npm@2.15.12
3 info using node@v22.9.0
4 verbose run-script [ 'predev-api:teamsfx', 'dev-api:teamsfx', 'postdev-api:teamsfx' ]
5 info predev-api:teamsfx arcelormittalcases@0.1.0
6 info dev-api:teamsfx arcelormittalcases@0.1.0
7 verbose unsafe-perm in lifecycle true
8 info arcelormittalcases@0.1.0 Failed to exec dev-api:teamsfx script
9 verbose stack Error: arcelormittalcases@0.1.0 dev-api:teamsfx: `cd api && npm run dev:teamsfx`
9 verbose stack Exit status 1
9 verbose stack     at EventEmitter.<anonymous> (C:\Users\Eneas\node_modules\npm\lib\utils\lifecycle.js:217:16)
9 verbose stack     at EventEmitter.emit (node:events:519:28)
9 verbose stack     at ChildProcess.<anonymous> (C:\Users\Eneas\node_modules\npm\lib\utils\spawn.js:24:14)
9 verbose stack     at ChildProcess.emit (node:events:519:28)
9 verbose stack     at maybeClose (node:internal/child_process:1104:16)
9 verbose stack     at ChildProcess._handle.onexit (node:internal/child_process:304:5)
10 verbose pkgid arcelormittalcases@0.1.0
11 verbose cwd C:\Users\Eneas\TeamsApps\ArcelorMittalCases
12 error Windows_NT 10.0.19045
13 error argv "C:\\Program Files\\nodejs\\node.exe" "C:\\Users\\Eneas\\node_modules\\npm\\bin\\npm-cli.js" "run" "dev-api:teamsfx"
14 error node v22.9.0
15 error npm  v2.15.12
16 error code ELIFECYCLE
17 error arcelormittalcases@0.1.0 dev-api:teamsfx: `cd api && npm run dev:teamsfx`
17 error Exit status 1
18 error Failed at the arcelormittalcases@0.1.0 dev-api:teamsfx script 'cd api && npm run dev:teamsfx'.
18 error This is most likely a problem with the arcelormittalcases package,
18 error not with npm itself.
18 error Tell the author that this fails on your system:
18 error     cd api && npm run dev:teamsfx
18 error You can get information on how to open an issue for this project with:
18 error     npm bugs arcelormittalcases
18 error Or if that isn't available, you can get their info via:
18 error
18 error     npm owner ls arcelormittalcases
18 error There is likely additional logging output above.
19 verbose exit [ 1, true ]
